<?xml version="1.0" encoding="UTF-8"?>
<testng-results skipped="0" failed="0" ignored="0" total="1" passed="1">
  <reporter-output>
  </reporter-output>
  <suite name="Default suite" duration-ms="42513" started-at="2018-12-12T00:12:10Z" finished-at="2018-12-12T00:12:53Z">
    <groups>
    </groups>
    <test name="Default test" duration-ms="42513" started-at="2018-12-12T00:12:10Z" finished-at="2018-12-12T00:12:53Z">
      <class name="testing.BusquedaDeCalzado">
        <test-method status="PASS" signature="setUp()[pri:0, instance:testing.BusquedaDeCalzado@e25b2fe]" name="setUp" is-config="true" duration-ms="1776" started-at="2018-12-12T00:12:10Z" finished-at="2018-12-12T00:12:12Z">
          <reporter-output>
          </reporter-output>
        </test-method> <!-- setUp -->
        <test-method status="PASS" signature="buscarZapatillas()[pri:0, instance:testing.BusquedaDeCalzado@e25b2fe]" name="buscarZapatillas" duration-ms="40715" started-at="2018-12-12T00:12:12Z" finished-at="2018-12-12T00:12:53Z">
          <reporter-output>
          </reporter-output>
        </test-method> <!-- buscarZapatillas -->
        <test-method status="PASS" signature="after()[pri:0, instance:testing.BusquedaDeCalzado@e25b2fe]" name="after" is-config="true" duration-ms="1" started-at="2018-12-12T00:12:53Z" finished-at="2018-12-12T00:12:53Z">
          <reporter-output>
          </reporter-output>
        </test-method> <!-- after -->
      </class> <!-- testing.BusquedaDeCalzado -->
    </test> <!-- Default test -->
  </suite> <!-- Default suite -->
</testng-results>
