<?xml version="1.0" encoding="UTF-8"?>
<testng-results skipped="0" failed="0" ignored="0" total="1" passed="1">
  <reporter-output>
  </reporter-output>
  <suite name="Default suite" duration-ms="21946" started-at="2018-12-12T08:44:59Z" finished-at="2018-12-12T08:45:21Z">
    <groups>
    </groups>
    <test name="Default test" duration-ms="21946" started-at="2018-12-12T08:44:59Z" finished-at="2018-12-12T08:45:21Z">
      <class name="testing.BusquedaDeCalzado">
        <test-method status="PASS" signature="setUp()[pri:0, instance:testing.BusquedaDeCalzado@e25b2fe]" name="setUp" is-config="true" duration-ms="1685" started-at="2018-12-12T08:44:59Z" finished-at="2018-12-12T08:45:00Z">
          <reporter-output>
          </reporter-output>
        </test-method> <!-- setUp -->
        <test-method status="PASS" signature="buscarZapatillas()[pri:0, instance:testing.BusquedaDeCalzado@e25b2fe]" name="buscarZapatillas" duration-ms="20055" started-at="2018-12-12T08:45:00Z" finished-at="2018-12-12T08:45:20Z">
          <reporter-output>
          </reporter-output>
        </test-method> <!-- buscarZapatillas -->
        <test-method status="PASS" signature="after()[pri:0, instance:testing.BusquedaDeCalzado@e25b2fe]" name="after" is-config="true" duration-ms="171" started-at="2018-12-12T08:45:20Z" finished-at="2018-12-12T08:45:21Z">
          <reporter-output>
          </reporter-output>
        </test-method> <!-- after -->
      </class> <!-- testing.BusquedaDeCalzado -->
    </test> <!-- Default test -->
  </suite> <!-- Default suite -->
</testng-results>
